main -1
: -1
{ -1
declare -1
n 1
Int -1
declare -1
is_prime 2
Bool -1
declare -1
index 3
Int -1
declare -1
response 4
String -1
is_prime 4
= -1
 5
true 6
 6
readInt -1
( -1
n 6
) -1
for -1
index 6
= -1
; -1
index 6
< -1
n 6
/ -1
; -1
index 6
+ -1
+ -1
: -1
{ -1
if -1
n 6
% -1
index 6
= -1
= -1
: -1
{ -1
is_prime 6
= -1
 6
false 7
} -1
} -1
if -1
( -1
n 7
= -1
= -1
) -1
: -1
{ -1
is_prime 7
= -1
 7
true 7
} -1
if -1
( -1
n 7
= -1
= -1
) -1
: -1
{ -1
is_prime 7
= -1
 7
false 7
} -1
if -1
( -1
is_prime 7
) -1
: -1
{ -1
response 7
= -1
 7
"prime" 8
} -1
else -1
: -1
{ -1
response 8
= -1
 8
"not prime" 9
} -1
write -1
( -1
response 9
) -1
} -1
Token not recognized on line 7
